# THREADS
TID	NAME	CLASS
0	test1	org.cooperari.junit.CJUnitRunner$MethodRunner
1	<1>	pc.stack.StackTest$$Lambda$1/700275712
2	<2>	pc.stack.StackTest$$Lambda$2/1204659590
3	<3>	pc.stack.StackTest$$Lambda$3/1356113238
4	<4>	pc.stack.StackTest$$Lambda$4/1576205994
# EXECUTION TRACE
#	TID	STEP	EVENT	SOURCE FILE	LINE	YIELD POINT	STAGE
0	0	0	-	<system>	0	<started>	0
1	0	1	-	AArrayStackV2.java	30	field-set(pc.stack.AArrayStackV2.array)	0
2	0	2	-	AArrayStackV2.java	31	field-set(pc.stack.AArrayStackV2.top)	0
3	0	3	-	AArrayStackV2.java	32	field-set(pc.stack.AArrayStackV2.backoff)	0
4	0	4	-	StackTest.java	61	org.cooperari.CSystem.forkAndJoin(Runnable[])	0
5	0	5	-	StackTest.java	61	org.cooperari.CSystem.forkAndJoin(Runnable[])	1
6	1	0	-	<system>	0	<started>	0
7	2	0	-	<system>	0	<started>	0
8	2	1	-	AArrayStackV2.java	64	field-get(pc.stack.AArrayStackV2.top)	0
9	1	1	-	AArrayStackV2.java	46	field-get(pc.stack.AArrayStackV2.top)	0
10	2	2	-	AArrayStackV2.java	64	java.util.concurrent.atomic.AtomicInteger.get()	0
11	1	2	-	AArrayStackV2.java	46	java.util.concurrent.atomic.AtomicInteger.get()	0
12	1	3	-	AArrayStackV2.java	47	field-get(pc.stack.AArrayStackV2.top)	0
13	1	4	-	AArrayStackV2.java	47	java.util.concurrent.atomic.AtomicInteger.compareAndSet(int, int)	0
14	2	3	-	StackTest.java	63	field-set(pc.stack.StackTest.R.v)	0
15	1	5	-	AArrayStackV2.java	48	field-get(pc.stack.AArrayStackV2.array)	0
16	2	4	-	<system>	0	<terminated>	0
17	1	6	-	AArrayStackV2.java	49	field-get(pc.stack.AArrayStackV2.backoff)	0
18	1	7	-	<system>	0	<terminated>	0
19	0	6	-	StackTest.java	65	org.cooperari.CSystem.forkAndJoin(Runnable[])	0
20	0	7	-	StackTest.java	65	org.cooperari.CSystem.forkAndJoin(Runnable[])	1
21	3	0	-	<system>	0	<started>	0
22	4	0	-	<system>	0	<started>	0
23	4	1	-	AArrayStackV2.java	64	field-get(pc.stack.AArrayStackV2.top)	0
24	3	1	-	AArrayStackV2.java	46	field-get(pc.stack.AArrayStackV2.top)	0
25	3	2	-	AArrayStackV2.java	46	java.util.concurrent.atomic.AtomicInteger.get()	0
26	3	3	-	AArrayStackV2.java	47	field-get(pc.stack.AArrayStackV2.top)	0
27	3	4	-	AArrayStackV2.java	47	java.util.concurrent.atomic.AtomicInteger.compareAndSet(int, int)	0
28	4	2	-	AArrayStackV2.java	64	java.util.concurrent.atomic.AtomicInteger.get()	0
29	3	5	-	AArrayStackV2.java	48	field-get(pc.stack.AArrayStackV2.array)	0
30	4	3	-	AArrayStackV2.java	69	field-get(pc.stack.AArrayStackV2.top)	0
31	4	4	-	AArrayStackV2.java	69	java.util.concurrent.atomic.AtomicInteger.compareAndSet(int, int)	0
32	4	5	-	AArrayStackV2.java	70	field-get(pc.stack.AArrayStackV2.array)	0
33	4	6	-	AArrayStackV2.java	71	field-get(pc.stack.AArrayStackV2.array)	0
34	4	7	-	AArrayStackV2.java	72	field-get(pc.stack.AArrayStackV2.backoff)	0
35	4	8	-	StackTest.java	67	field-set(pc.stack.StackTest.R.v)	0
36	3	6	-	AArrayStackV2.java	49	field-get(pc.stack.AArrayStackV2.backoff)	0
37	3	7	-	<system>	0	<terminated>	0
38	4	9	-	<system>	0	<terminated>	0
39	0	8	-	AArrayStackV2.java	64	field-get(pc.stack.AArrayStackV2.top)	0
40	0	9	-	AArrayStackV2.java	64	java.util.concurrent.atomic.AtomicInteger.get()	0
41	0	10	-	AArrayStackV2.java	69	field-get(pc.stack.AArrayStackV2.top)	0
42	0	11	-	AArrayStackV2.java	69	java.util.concurrent.atomic.AtomicInteger.compareAndSet(int, int)	0
43	0	12	-	AArrayStackV2.java	70	field-get(pc.stack.AArrayStackV2.array)	0
44	0	13	-	AArrayStackV2.java	71	field-get(pc.stack.AArrayStackV2.array)	0
45	0	14	-	AArrayStackV2.java	72	field-get(pc.stack.AArrayStackV2.backoff)	0
46	0	15	-	StackTest.java	69	field-set(pc.stack.StackTest.R.v)	0
47	0	16	-	AArrayStackV2.java	64	field-get(pc.stack.AArrayStackV2.top)	0
48	0	17	-	AArrayStackV2.java	64	java.util.concurrent.atomic.AtomicInteger.get()	0
49	0	18	-	StackTest.java	70	field-set(pc.stack.StackTest.R.v)	0
50	0	19	-	StackTest.java	176	field-get(pc.stack.StackTest.R.v)	0
51	0	20	-	StackTest.java	176	field-get(pc.stack.StackTest.R.v)	0
52	0	21	-	StackTest.java	176	field-get(pc.stack.StackTest.R.v)	0
53	0	22	-	StackTest.java	176	field-get(pc.stack.StackTest.R.v)	0
54	0	23	-	StackTest.java	186	field-get(System.out)	0
55	0	24	-	<system>	0	<terminated>	0
# STACK TRACE FOR FAILURE
java.lang.AssertionError: Incorrect values: [null, null, 1, null]
	at org.junit.Assert.fail(Assert.java:88)
	at pc.stack.StackTest.assertOneOf(StackTest.java:187)
	at pc.stack.StackTest.test1(StackTest.java:72)
	at sun.reflect.GeneratedMethodAccessor1.invoke(Unknown Source)
	at sun.reflect.DelegatingMethodAccessorImpl.invoke(DelegatingMethodAccessorImpl.java:43)
	at java.lang.reflect.Method.invoke(Method.java:498)
	at org.junit.runners.model.FrameworkMethod$1.runReflectiveCall(FrameworkMethod.java:50)
	at org.junit.internal.runners.model.ReflectiveCallable.run(ReflectiveCallable.java:12)
	at org.junit.runners.model.FrameworkMethod.invokeExplosively(FrameworkMethod.java:47)
	at org.junit.internal.runners.statements.InvokeMethod.evaluate(InvokeMethod.java:17)
	at org.cooperari.junit.CJUnitRunner$MethodRunner.run(CJUnitRunner.java:226)
	at org.cooperari.core.CThread.run(CThread.java:188)
