# THREADS
TID	NAME	CLASS
0	test1	org.cooperari.junit.CJUnitRunner$MethodRunner
1	<1>	pc.stack.StackTest$$Lambda$1/700275712
2	<2>	pc.stack.StackTest$$Lambda$2/1204659590
3	<3>	pc.stack.StackTest$$Lambda$3/1356113238
4	<4>	pc.stack.StackTest$$Lambda$4/1576205994
# EXECUTION TRACE
#	TID	STEP	EVENT	SOURCE FILE	LINE	YIELD POINT	STAGE
0	0	0	-	<system>	0	<started>	0
1	0	1	-	AArrayStackV1.java	21	field-set(pc.stack.AArrayStackV1.array)	0
2	0	2	-	AArrayStackV1.java	22	field-set(pc.stack.AArrayStackV1.top)	0
3	0	3	-	StackTest.java	61	org.cooperari.CSystem.forkAndJoin(Runnable[])	0
4	0	4	-	StackTest.java	61	org.cooperari.CSystem.forkAndJoin(Runnable[])	1
5	1	0	-	<system>	0	<started>	0
6	2	0	-	<system>	0	<started>	0
7	1	1	-	AArrayStackV1.java	35	field-get(pc.stack.AArrayStackV1.top)	0
8	2	1	-	AArrayStackV1.java	41	field-get(pc.stack.AArrayStackV1.top)	0
9	2	2	-	AArrayStackV1.java	41	java.util.concurrent.atomic.AtomicInteger.get()	0
10	1	2	-	AArrayStackV1.java	35	java.util.concurrent.atomic.AtomicInteger.getAndIncrement()	0
11	2	3	-	StackTest.java	63	field-set(pc.stack.StackTest.R.v)	0
12	1	3	-	AArrayStackV1.java	36	field-get(pc.stack.AArrayStackV1.array)	0
13	1	4	-	<system>	0	<terminated>	0
14	2	4	-	<system>	0	<terminated>	0
15	0	5	-	StackTest.java	65	org.cooperari.CSystem.forkAndJoin(Runnable[])	0
16	0	6	-	StackTest.java	65	org.cooperari.CSystem.forkAndJoin(Runnable[])	1
17	3	0	-	<system>	0	<started>	0
18	4	0	-	<system>	0	<started>	0
19	4	1	-	AArrayStackV1.java	41	field-get(pc.stack.AArrayStackV1.top)	0
20	4	2	-	AArrayStackV1.java	41	java.util.concurrent.atomic.AtomicInteger.get()	0
21	4	3	-	AArrayStackV1.java	44	field-get(pc.stack.AArrayStackV1.top)	0
22	3	1	-	AArrayStackV1.java	35	field-get(pc.stack.AArrayStackV1.top)	0
23	3	2	-	AArrayStackV1.java	35	java.util.concurrent.atomic.AtomicInteger.getAndIncrement()	0
24	4	4	-	AArrayStackV1.java	44	java.util.concurrent.atomic.AtomicInteger.decrementAndGet()	0
25	4	5	-	AArrayStackV1.java	45	field-get(pc.stack.AArrayStackV1.array)	0
26	3	3	-	AArrayStackV1.java	36	field-get(pc.stack.AArrayStackV1.array)	0
27	3	4	-	<system>	0	<terminated>	0
28	4	6	-	AArrayStackV1.java	46	field-get(pc.stack.AArrayStackV1.array)	0
29	4	7	-	StackTest.java	67	field-set(pc.stack.StackTest.R.v)	0
30	4	8	-	<system>	0	<terminated>	0
31	0	7	-	AArrayStackV1.java	41	field-get(pc.stack.AArrayStackV1.top)	0
32	0	8	-	AArrayStackV1.java	41	java.util.concurrent.atomic.AtomicInteger.get()	0
33	0	9	-	AArrayStackV1.java	44	field-get(pc.stack.AArrayStackV1.top)	0
34	0	10	-	AArrayStackV1.java	44	java.util.concurrent.atomic.AtomicInteger.decrementAndGet()	0
35	0	11	-	AArrayStackV1.java	45	field-get(pc.stack.AArrayStackV1.array)	0
36	0	12	-	AArrayStackV1.java	46	field-get(pc.stack.AArrayStackV1.array)	0
37	0	13	-	StackTest.java	69	field-set(pc.stack.StackTest.R.v)	0
38	0	14	-	AArrayStackV1.java	41	field-get(pc.stack.AArrayStackV1.top)	0
39	0	15	-	AArrayStackV1.java	41	java.util.concurrent.atomic.AtomicInteger.get()	0
40	0	16	-	StackTest.java	70	field-set(pc.stack.StackTest.R.v)	0
41	0	17	-	StackTest.java	176	field-get(pc.stack.StackTest.R.v)	0
42	0	18	-	StackTest.java	176	field-get(pc.stack.StackTest.R.v)	0
43	0	19	-	StackTest.java	176	field-get(pc.stack.StackTest.R.v)	0
44	0	20	-	StackTest.java	176	field-get(pc.stack.StackTest.R.v)	0
45	0	21	-	StackTest.java	186	field-get(System.out)	0
46	0	22	-	<system>	0	<terminated>	0
# STACK TRACE FOR FAILURE
java.lang.AssertionError: Incorrect values: [null, 2, null, null]
	at org.junit.Assert.fail(Assert.java:88)
	at pc.stack.StackTest.assertOneOf(StackTest.java:187)
	at pc.stack.StackTest.test1(StackTest.java:72)
	at sun.reflect.GeneratedMethodAccessor1.invoke(Unknown Source)
	at sun.reflect.DelegatingMethodAccessorImpl.invoke(DelegatingMethodAccessorImpl.java:43)
	at java.lang.reflect.Method.invoke(Method.java:498)
	at org.junit.runners.model.FrameworkMethod$1.runReflectiveCall(FrameworkMethod.java:50)
	at org.junit.internal.runners.model.ReflectiveCallable.run(ReflectiveCallable.java:12)
	at org.junit.runners.model.FrameworkMethod.invokeExplosively(FrameworkMethod.java:47)
	at org.junit.internal.runners.statements.InvokeMethod.evaluate(InvokeMethod.java:17)
	at org.cooperari.junit.CJUnitRunner$MethodRunner.run(CJUnitRunner.java:226)
	at org.cooperari.core.CThread.run(CThread.java:188)
