# THREADS
TID	NAME	CLASS
0	test3	org.cooperari.junit.CJUnitRunner$MethodRunner
1	<1>	pc.stack.StackTest$$Lambda$9/1452715776
2	<2>	pc.stack.StackTest$$Lambda$10/1386819850
3	<3>	pc.stack.StackTest$$Lambda$11/397124923
4	<4>	pc.stack.StackTest$$Lambda$12/645330478
# EXECUTION TRACE
#	TID	STEP	EVENT	SOURCE FILE	LINE	YIELD POINT	STAGE
0	0	0	-	<system>	0	<started>	0
1	0	1	-	AArrayStackV1.java	21	field-set(pc.stack.AArrayStackV1.array)	0
2	0	2	-	AArrayStackV1.java	22	field-set(pc.stack.AArrayStackV1.top)	0
3	0	3	-	StackTest.java	126	org.cooperari.CSystem.forkAndJoin(Runnable[])	0
4	0	4	-	StackTest.java	126	org.cooperari.CSystem.forkAndJoin(Runnable[])	1
5	1	0	-	<system>	0	<started>	0
6	2	0	-	<system>	0	<started>	0
7	2	1	-	AArrayStackV1.java	41	field-get(pc.stack.AArrayStackV1.top)	0
8	1	1	-	AArrayStackV1.java	35	field-get(pc.stack.AArrayStackV1.top)	0
9	2	2	-	AArrayStackV1.java	41	java.util.concurrent.atomic.AtomicInteger.get()	0
10	1	2	-	AArrayStackV1.java	35	java.util.concurrent.atomic.AtomicInteger.getAndIncrement()	0
11	2	3	-	StackTest.java	128	field-set(pc.stack.StackTest.R.v)	0
12	2	4	-	<system>	0	<terminated>	0
13	1	3	-	AArrayStackV1.java	36	field-get(pc.stack.AArrayStackV1.array)	0
14	1	4	-	AArrayStackV1.java	35	field-get(pc.stack.AArrayStackV1.top)	0
15	1	5	-	AArrayStackV1.java	35	java.util.concurrent.atomic.AtomicInteger.getAndIncrement()	0
16	1	6	-	AArrayStackV1.java	36	field-get(pc.stack.AArrayStackV1.array)	0
17	1	7	-	<system>	0	<terminated>	0
18	0	5	-	StackTest.java	130	org.cooperari.CSystem.forkAndJoin(Runnable[])	0
19	0	6	-	StackTest.java	130	org.cooperari.CSystem.forkAndJoin(Runnable[])	1
20	3	0	-	<system>	0	<started>	0
21	4	0	-	<system>	0	<started>	0
22	3	1	-	AArrayStackV1.java	35	field-get(pc.stack.AArrayStackV1.top)	0
23	4	1	-	AArrayStackV1.java	41	field-get(pc.stack.AArrayStackV1.top)	0
24	3	2	-	AArrayStackV1.java	35	java.util.concurrent.atomic.AtomicInteger.getAndIncrement()	0
25	3	3	-	AArrayStackV1.java	36	field-get(pc.stack.AArrayStackV1.array)	0
26	3	4	-	AArrayStackV1.java	41	field-get(pc.stack.AArrayStackV1.top)	0
27	3	5	-	AArrayStackV1.java	41	java.util.concurrent.atomic.AtomicInteger.get()	0
28	3	6	-	AArrayStackV1.java	44	field-get(pc.stack.AArrayStackV1.top)	0
29	3	7	-	AArrayStackV1.java	44	java.util.concurrent.atomic.AtomicInteger.decrementAndGet()	0
30	4	2	-	AArrayStackV1.java	41	java.util.concurrent.atomic.AtomicInteger.get()	0
31	3	8	-	AArrayStackV1.java	45	field-get(pc.stack.AArrayStackV1.array)	0
32	3	9	-	AArrayStackV1.java	46	field-get(pc.stack.AArrayStackV1.array)	0
33	4	3	-	AArrayStackV1.java	44	field-get(pc.stack.AArrayStackV1.top)	0
34	3	10	-	StackTest.java	131	field-set(pc.stack.StackTest.R.v)	0
35	4	4	-	AArrayStackV1.java	44	java.util.concurrent.atomic.AtomicInteger.decrementAndGet()	0
36	4	5	-	AArrayStackV1.java	45	field-get(pc.stack.AArrayStackV1.array)	0
37	3	11	-	<system>	0	<terminated>	0
38	4	6	-	AArrayStackV1.java	46	field-get(pc.stack.AArrayStackV1.array)	0
39	4	7	-	StackTest.java	132	field-set(pc.stack.StackTest.R.v)	0
40	4	8	-	AArrayStackV1.java	41	field-get(pc.stack.AArrayStackV1.top)	0
41	4	9	-	AArrayStackV1.java	41	java.util.concurrent.atomic.AtomicInteger.get()	0
42	4	10	-	AArrayStackV1.java	44	field-get(pc.stack.AArrayStackV1.top)	0
43	4	11	-	AArrayStackV1.java	44	java.util.concurrent.atomic.AtomicInteger.decrementAndGet()	0
44	4	12	-	AArrayStackV1.java	45	field-get(pc.stack.AArrayStackV1.array)	0
45	4	13	-	AArrayStackV1.java	46	field-get(pc.stack.AArrayStackV1.array)	0
46	4	14	-	StackTest.java	132	field-set(pc.stack.StackTest.R.v)	0
47	4	15	-	<system>	0	<terminated>	0
48	0	7	-	StackTest.java	176	field-get(pc.stack.StackTest.R.v)	0
49	0	8	-	StackTest.java	176	field-get(pc.stack.StackTest.R.v)	0
50	0	9	-	StackTest.java	176	field-get(pc.stack.StackTest.R.v)	0
51	0	10	-	StackTest.java	176	field-get(pc.stack.StackTest.R.v)	0
52	0	11	-	StackTest.java	186	field-get(System.out)	0
53	0	12	-	<system>	0	<terminated>	0
# STACK TRACE FOR FAILURE
java.lang.AssertionError: Incorrect values: [null, 2, 1, 3]
	at org.junit.Assert.fail(Assert.java:88)
	at pc.stack.StackTest.assertOneOf(StackTest.java:187)
	at pc.stack.StackTest.test3(StackTest.java:135)
	at sun.reflect.NativeMethodAccessorImpl.invoke0(Native Method)
	at sun.reflect.NativeMethodAccessorImpl.invoke(NativeMethodAccessorImpl.java:62)
	at sun.reflect.DelegatingMethodAccessorImpl.invoke(DelegatingMethodAccessorImpl.java:43)
	at java.lang.reflect.Method.invoke(Method.java:498)
	at org.junit.runners.model.FrameworkMethod$1.runReflectiveCall(FrameworkMethod.java:50)
	at org.junit.internal.runners.model.ReflectiveCallable.run(ReflectiveCallable.java:12)
	at org.junit.runners.model.FrameworkMethod.invokeExplosively(FrameworkMethod.java:47)
	at org.junit.internal.runners.statements.InvokeMethod.evaluate(InvokeMethod.java:17)
	at org.cooperari.junit.CJUnitRunner$MethodRunner.run(CJUnitRunner.java:226)
	at org.cooperari.core.CThread.run(CThread.java:188)
